# JRE version: Java(TM) SE Runtime Environment (10.0.1+10) (build 10.0.1+10)
# Java VM: Java HotSpot(TM) 64-Bit Server VM (10.0.1+10, mixed mode, tiered, compressed oops, g1 gc, windows-amd64)
Heap:
 garbage-first heap   total 357376K, used 33944K [0x00000006c0600000, 0x00000007c0000000)
  region size 1024K, 15 young (15360K), 15 survivors (15360K)
 Metaspace       used 6329K, capacity 6447K, committed 6784K, reserved 1056768K
  class space    used 514K, capacity 550K, committed 640K, reserved 1048576K
GC Heap History (10 events):
Event: 1.872 GC heap after
{Heap after GC invocations=2 (full 0):
 garbage-first heap   total 262144K, used 4364K [0x00000006c0600000, 0x00000007c0000000)
  region size 1024K, 5 young (5120K), 5 survivors (5120K)
 Metaspace       used 6280K, capacity 6383K, committed 6528K, reserved 1056768K
  class space    used 514K, capacity 550K, committed 640K, reserved 1048576K
}
Event: 1.908 GC heap before
{Heap before GC invocations=2 (full 0):
 garbage-first heap   total 262144K, used 157964K [0x00000006c0600000, 0x00000007c0000000)
  region size 1024K, 153 young (156672K), 5 survivors (5120K)
 Metaspace       used 6287K, capacity 6447K, committed 6784K, reserved 1056768K
  class space    used 514K, capacity 550K, committed 640K, reserved 1048576K
}
Event: 1.920 GC heap after
{Heap after GC invocations=3 (full 0):
 garbage-first heap   total 262144K, used 11222K [0x00000006c0600000, 0x00000007c0000000)
  region size 1024K, 9 young (9216K), 9 survivors (9216K)
 Metaspace       used 6287K, capacity 6447K, committed 6784K, reserved 1056768K
  class space    used 514K, capacity 550K, committed 640K, reserved 1048576K
}
Event: 1.958 GC heap before
{Heap before GC invocations=3 (full 0):
 garbage-first heap   total 262144K, used 158678K [0x00000006c0600000, 0x00000007c0000000)
  region size 1024K, 153 young (156672K), 9 survivors (9216K)
 Metaspace       used 6315K, capacity 6447K, committed 6784K, reserved 1056768K
  class space    used 514K, capacity 550K, committed 640K, reserved 1048576K
}
Event: 1.969 GC heap after
{Heap after GC invocations=4 (full 0):
 garbage-first heap   total 262144K, used 16109K [0x00000006c0600000, 0x00000007c0000000)
  region size 1024K, 14 young (14336K), 14 survivors (14336K)
 Metaspace       used 6315K, capacity 6447K, committed 6784K, reserved 1056768K
  class space    used 514K, capacity 550K, committed 640K, reserved 1048576K
}
Event: 2.005 GC heap before
{Heap before GC invocations=4 (full 0):
 garbage-first heap   total 262144K, used 159469K [0x00000006c0600000, 0x00000007c0000000)
  region size 1024K, 153 young (156672K), 14 survivors (14336K)
 Metaspace       used 6326K, capacity 6447K, committed 6784K, reserved 1056768K
  class space    used 514K, capacity 550K, committed 640K, reserved 1048576K
}
Event: 2.019 GC heap after
{Heap after GC invocations=5 (full 0):
 garbage-first heap   total 262144K, used 21412K [0x00000006c0600000, 0x00000007c0000000)
  region size 1024K, 14 young (14336K), 14 survivors (14336K)
 Metaspace       used 6326K, capacity 6447K, committed 6784K, reserved 1056768K
  class space    used 514K, capacity 550K, committed 640K, reserved 1048576K
}
Event: 2.053 GC heap before
{Heap before GC invocations=5 (full 0):
 garbage-first heap   total 262144K, used 164772K [0x00000006c0600000, 0x00000007c0000000)
  region size 1024K, 153 young (156672K), 14 survivors (14336K)
 Metaspace       used 6329K, capacity 6447K, committed 6784K, reserved 1056768K
  class space    used 514K, capacity 550K, committed 640K, reserved 1048576K
}
Event: 2.070 GC heap after
{Heap after GC invocations=6 (full 0):
 garbage-first heap   total 262144K, used 27648K [0x00000006c0600000, 0x00000007c0000000)
  region size 1024K, 14 young (14336K), 14 survivors (14336K)
 Metaspace       used 6329K, capacity 6447K, committed 6784K, reserved 1056768K
  class space    used 514K, capacity 550K, committed 640K, reserved 1048576K
}
Event: 2.103 GC heap before
{Heap before GC invocations=6 (full 0):
 garbage-first heap   total 262144K, used 171008K [0x00000006c0600000, 0x00000007c0000000)
  region size 1024K, 153 young (156672K), 14 survivors (14336K)
 Metaspace       used 6329K, capacity 6447K, committed 6784K, reserved 1056768K
  class space    used 514K, capacity 550K, committed 640K, reserved 1048576K
}

