# JRE version: Java(TM) SE Runtime Environment (10.0.1+10) (build 10.0.1+10)
# Java VM: Java HotSpot(TM) 64-Bit Server VM (10.0.1+10, mixed mode, tiered, compressed oops, g1 gc, windows-amd64)
Heap:
 garbage-first heap   total 367616K, used 33210K [0x00000006c0600000, 0x00000007c0000000)
  region size 1024K, 14 young (14336K), 14 survivors (14336K)
 Metaspace       used 6329K, capacity 6447K, committed 6784K, reserved 1056768K
  class space    used 514K, capacity 550K, committed 640K, reserved 1048576K
GC Heap History (10 events):
Event: 1.707 GC heap after
{Heap after GC invocations=2 (full 0):
 garbage-first heap   total 262144K, used 4362K [0x00000006c0600000, 0x00000007c0000000)
  region size 1024K, 5 young (5120K), 5 survivors (5120K)
 Metaspace       used 6280K, capacity 6383K, committed 6528K, reserved 1056768K
  class space    used 514K, capacity 550K, committed 640K, reserved 1048576K
}
Event: 1.745 GC heap before
{Heap before GC invocations=2 (full 0):
 garbage-first heap   total 262144K, used 157962K [0x00000006c0600000, 0x00000007c0000000)
  region size 1024K, 153 young (156672K), 5 survivors (5120K)
 Metaspace       used 6287K, capacity 6447K, committed 6784K, reserved 1056768K
  class space    used 514K, capacity 550K, committed 640K, reserved 1048576K
}
Event: 1.755 GC heap after
{Heap after GC invocations=3 (full 0):
 garbage-first heap   total 262144K, used 11056K [0x00000006c0600000, 0x00000007c0000000)
  region size 1024K, 9 young (9216K), 9 survivors (9216K)
 Metaspace       used 6287K, capacity 6447K, committed 6784K, reserved 1056768K
  class space    used 514K, capacity 550K, committed 640K, reserved 1048576K
}
Event: 1.801 GC heap before
{Heap before GC invocations=3 (full 0):
 garbage-first heap   total 262144K, used 158512K [0x00000006c0600000, 0x00000007c0000000)
  region size 1024K, 153 young (156672K), 9 survivors (9216K)
 Metaspace       used 6316K, capacity 6447K, committed 6784K, reserved 1056768K
  class space    used 514K, capacity 550K, committed 640K, reserved 1048576K
}
Event: 1.815 GC heap after
{Heap after GC invocations=4 (full 0):
 garbage-first heap   total 262144K, used 16384K [0x00000006c0600000, 0x00000007c0000000)
  region size 1024K, 14 young (14336K), 14 survivors (14336K)
 Metaspace       used 6316K, capacity 6447K, committed 6784K, reserved 1056768K
  class space    used 514K, capacity 550K, committed 640K, reserved 1048576K
}
Event: 1.857 GC heap before
{Heap before GC invocations=4 (full 0):
 garbage-first heap   total 262144K, used 159744K [0x00000006c0600000, 0x00000007c0000000)
  region size 1024K, 153 young (156672K), 14 survivors (14336K)
 Metaspace       used 6326K, capacity 6447K, committed 6784K, reserved 1056768K
  class space    used 514K, capacity 550K, committed 640K, reserved 1048576K
}
Event: 1.872 GC heap after
{Heap after GC invocations=5 (full 0):
 garbage-first heap   total 262144K, used 22429K [0x00000006c0600000, 0x00000007c0000000)
  region size 1024K, 15 young (15360K), 15 survivors (15360K)
 Metaspace       used 6326K, capacity 6447K, committed 6784K, reserved 1056768K
  class space    used 514K, capacity 550K, committed 640K, reserved 1048576K
}
Event: 1.908 GC heap before
{Heap before GC invocations=5 (full 0):
 garbage-first heap   total 262144K, used 164765K [0x00000006c0600000, 0x00000007c0000000)
  region size 1024K, 153 young (156672K), 15 survivors (15360K)
 Metaspace       used 6329K, capacity 6447K, committed 6784K, reserved 1056768K
  class space    used 514K, capacity 550K, committed 640K, reserved 1048576K
}
Event: 1.923 GC heap after
{Heap after GC invocations=6 (full 0):
 garbage-first heap   total 262144K, used 27627K [0x00000006c0600000, 0x00000007c0000000)
  region size 1024K, 14 young (14336K), 14 survivors (14336K)
 Metaspace       used 6329K, capacity 6447K, committed 6784K, reserved 1056768K
  class space    used 514K, capacity 550K, committed 640K, reserved 1048576K
}
Event: 1.957 GC heap before
{Heap before GC invocations=6 (full 0):
 garbage-first heap   total 262144K, used 170987K [0x00000006c0600000, 0x00000007c0000000)
  region size 1024K, 153 young (156672K), 14 survivors (14336K)
 Metaspace       used 6329K, capacity 6447K, committed 6784K, reserved 1056768K
  class space    used 514K, capacity 550K, committed 640K, reserved 1048576K
}

