# JRE version: Java(TM) SE Runtime Environment (10.0.1+10) (build 10.0.1+10)
# Java VM: Java HotSpot(TM) 64-Bit Server VM (10.0.1+10, mixed mode, tiered, compressed oops, g1 gc, windows-amd64)
Heap:
 garbage-first heap   total 646144K, used 64000K [0x00000006c0600000, 0x00000007c0000000)
  region size 1024K, 19 young (19456K), 19 survivors (19456K)
 Metaspace       used 6351K, capacity 6447K, committed 6784K, reserved 1056768K
  class space    used 515K, capacity 550K, committed 640K, reserved 1048576K
GC Heap History (10 events):
Event: 2.091 GC heap after
{Heap after GC invocations=6 (full 0):
 garbage-first heap   total 262144K, used 27481K [0x00000006c0600000, 0x00000007c0000000)
  region size 1024K, 14 young (14336K), 14 survivors (14336K)
 Metaspace       used 6347K, capacity 6447K, committed 6784K, reserved 1056768K
  class space    used 515K, capacity 550K, committed 640K, reserved 1048576K
}
Event: 2.122 GC heap before
{Heap before GC invocations=6 (full 0):
 garbage-first heap   total 262144K, used 170841K [0x00000006c0600000, 0x00000007c0000000)
  region size 1024K, 153 young (156672K), 14 survivors (14336K)
 Metaspace       used 6347K, capacity 6447K, committed 6784K, reserved 1056768K
  class space    used 515K, capacity 550K, committed 640K, reserved 1048576K
}
Event: 2.143 GC heap after
{Heap after GC invocations=7 (full 0):
 garbage-first heap   total 351232K, used 33722K [0x00000006c0600000, 0x00000007c0000000)
  region size 1024K, 15 young (15360K), 15 survivors (15360K)
 Metaspace       used 6347K, capacity 6447K, committed 6784K, reserved 1056768K
  class space    used 515K, capacity 550K, committed 640K, reserved 1048576K
}
Event: 2.220 GC heap before
{Heap before GC invocations=7 (full 0):
 garbage-first heap   total 351232K, used 229306K [0x00000006c0600000, 0x00000007c0000000)
  region size 1024K, 205 young (209920K), 15 survivors (15360K)
 Metaspace       used 6347K, capacity 6447K, committed 6784K, reserved 1056768K
  class space    used 515K, capacity 550K, committed 640K, reserved 1048576K
}
Event: 2.236 GC heap after
{Heap after GC invocations=8 (full 0):
 garbage-first heap   total 351232K, used 41087K [0x00000006c0600000, 0x00000007c0000000)
  region size 1024K, 16 young (16384K), 16 survivors (16384K)
 Metaspace       used 6347K, capacity 6447K, committed 6784K, reserved 1056768K
  class space    used 515K, capacity 550K, committed 640K, reserved 1048576K
}
Event: 2.280 GC heap before
{Heap before GC invocations=8 (full 0):
 garbage-first heap   total 351232K, used 236671K [0x00000006c0600000, 0x00000007c0000000)
  region size 1024K, 205 young (209920K), 16 survivors (16384K)
 Metaspace       used 6347K, capacity 6447K, committed 6784K, reserved 1056768K
  class space    used 515K, capacity 550K, committed 640K, reserved 1048576K
}
Event: 2.299 GC heap after
{Heap after GC invocations=9 (full 0):
 garbage-first heap   total 351232K, used 50084K [0x00000006c0600000, 0x00000007c0000000)
  region size 1024K, 18 young (18432K), 18 survivors (18432K)
 Metaspace       used 6347K, capacity 6447K, committed 6784K, reserved 1056768K
  class space    used 515K, capacity 550K, committed 640K, reserved 1048576K
}
Event: 2.343 GC heap before
{Heap before GC invocations=9 (full 0):
 garbage-first heap   total 351232K, used 242596K [0x00000006c0600000, 0x00000007c0000000)
  region size 1024K, 205 young (209920K), 18 survivors (18432K)
 Metaspace       used 6348K, capacity 6447K, committed 6784K, reserved 1056768K
  class space    used 515K, capacity 550K, committed 640K, reserved 1048576K
}
Event: 2.363 GC heap after
{Heap after GC invocations=10 (full 0):
 garbage-first heap   total 351232K, used 56832K [0x00000006c0600000, 0x00000007c0000000)
  region size 1024K, 19 young (19456K), 19 survivors (19456K)
 Metaspace       used 6348K, capacity 6447K, committed 6784K, reserved 1056768K
  class space    used 515K, capacity 550K, committed 640K, reserved 1048576K
}
Event: 2.410 GC heap before
{Heap before GC invocations=10 (full 0):
 garbage-first heap   total 351232K, used 248320K [0x00000006c0600000, 0x00000007c0000000)
  region size 1024K, 205 young (209920K), 19 survivors (19456K)
 Metaspace       used 6351K, capacity 6447K, committed 6784K, reserved 1056768K
  class space    used 515K, capacity 550K, committed 640K, reserved 1048576K
}

